2025-11-17 23:24:05 [DEBUG][org.springframework.boot.availability.ApplicationAvailabilityBean][onApplicationEvent][77]-> Application availability state ReadinessState changed from ACCEPTING_TRAFFIC to REFUSING_TRAFFIC
2025-11-17 23:24:05 [DEBUG][org.springframework.boot.web.servlet.context.AnnotationConfigServletWebServerApplicationContext][doClose][1060]-> Closing org.springframework.boot.web.servlet.context.AnnotationConfigServletWebServerApplicationContext@14dd7b39, started on Mon Nov 17 22:23:29 CST 2025
2025-11-17 23:24:05 [DEBUG][org.springframework.boot.context.properties.source.ConfigurationPropertySourcesPropertyResolver$DefaultResolver][logKeyFound][115]-> Found key 'spring.liveBeansView.mbeanDomain' in PropertySource 'systemProperties' with value of type String
2025-11-17 23:24:05 [DEBUG][org.springframework.context.support.DefaultLifecycleProcessor][stop][366]-> Stopping beans in phase 2147483647
2025-11-17 23:24:05 [DEBUG][org.springframework.boot.availability.ApplicationAvailabilityBean][onApplicationEvent][77]-> Application availability state ReadinessState changed from ACCEPTING_TRAFFIC to REFUSING_TRAFFIC
2025-11-17 23:24:05 [DEBUG][org.springframework.boot.web.servlet.context.AnnotationConfigServletWebServerApplicationContext][doClose][1060]-> Closing org.springframework.boot.web.servlet.context.AnnotationConfigServletWebServerApplicationContext@6cd24612, started on Mon Nov 17 23:04:31 CST 2025
2025-11-17 23:24:05 [DEBUG][org.springframework.boot.context.properties.source.ConfigurationPropertySourcesPropertyResolver$DefaultResolver][logKeyFound][115]-> Found key 'spring.liveBeansView.mbeanDomain' in PropertySource 'systemProperties' with value of type String
2025-11-17 23:24:05 [DEBUG][org.springframework.context.support.DefaultLifecycleProcessor][stop][366]-> Stopping beans in phase 2147483647
2025-11-17 23:24:05 [DEBUG][org.springframework.context.support.DefaultLifecycleProcessor][lambda$doStop$3][239]-> Bean 'container' completed its stop procedure
2025-11-17 23:24:05 [DEBUG][org.springframework.context.support.DefaultLifecycleProcessor][lambda$doStop$3][239]-> Bean 'webServerGracefulShutdown' completed its stop procedure
2025-11-17 23:24:05 [DEBUG][org.springframework.context.support.DefaultLifecycleProcessor][stop][366]-> Stopping beans in phase 2147483646
2025-11-17 23:24:05 [DEBUG][org.springframework.context.support.DefaultLifecycleProcessor][lambda$doStop$3][239]-> Bean 'container' completed its stop procedure
2025-11-17 23:24:05 [DEBUG][org.springframework.context.support.DefaultLifecycleProcessor][lambda$doStop$3][239]-> Bean 'webServerGracefulShutdown' completed its stop procedure
2025-11-17 23:24:05 [DEBUG][org.springframework.context.support.DefaultLifecycleProcessor][stop][366]-> Stopping beans in phase 2147483646
2025-11-17 23:24:05 [DEBUG][org.springframework.context.support.DefaultLifecycleProcessor][lambda$doStop$3][239]-> Bean 'webServerStartStop' completed its stop procedure
2025-11-17 23:24:05 [DEBUG][org.springframework.context.support.DefaultLifecycleProcessor][stop][366]-> Stopping beans in phase -2147483647
2025-11-17 23:24:05 [DEBUG][org.springframework.context.support.DefaultLifecycleProcessor][lambda$doStop$3][239]-> Bean 'springBootLoggingLifecycle' completed its stop procedure
2025-11-17 23:24:05 [DEBUG][org.springframework.context.support.DefaultLifecycleProcessor][lambda$doStop$3][239]-> Bean 'webServerStartStop' completed its stop procedure
2025-11-17 23:24:05 [DEBUG][org.springframework.context.support.DefaultLifecycleProcessor][stop][366]-> Stopping beans in phase -2147483647
2025-11-17 23:24:05 [DEBUG][org.springframework.context.support.DefaultLifecycleProcessor][lambda$doStop$3][239]-> Bean 'springBootLoggingLifecycle' completed its stop procedure
2025-11-17 23:24:05 [DEBUG][org.springframework.scheduling.concurrent.ThreadPoolTaskScheduler][shutdown][224]-> Shutting down ExecutorService 'taskScheduler'
2025-11-17 23:24:05 [DEBUG][org.springframework.scheduling.concurrent.ThreadPoolTaskScheduler][shutdown][224]-> Shutting down ExecutorService 'taskScheduler'
2025-11-17 23:24:05 [DEBUG][org.apache.http.impl.nio.conn.PoolingNHttpClientConnectionManager][shutdown][232]-> Connection manager is shutting down
2025-11-17 23:24:05 [DEBUG][org.apache.http.impl.nio.conn.PoolingNHttpClientConnectionManager][shutdown][232]-> Connection manager is shutting down
2025-11-17 23:24:05 [DEBUG][org.apache.http.impl.nio.conn.PoolingNHttpClientConnectionManager][shutdown][234]-> Connection manager shut down
2025-11-17 23:24:05 [DEBUG][org.apache.http.impl.nio.conn.ManagedNHttpClientConnectionImpl][close][123]-> http-outgoing-0 127.0.0.1:58822<->127.0.0.1:9200[ACTIVE][r:r]: Close
2025-11-17 23:24:05 [DEBUG][org.springframework.jmx.export.annotation.AnnotationMBeanExporter][destroy][452]-> Unregistering JMX-exposed beans on shutdown
2025-11-17 23:24:05 [DEBUG][org.springframework.jmx.export.annotation.AnnotationMBeanExporter][unregisterBeans][186]-> Unregistering JMX-exposed beans
2025-11-17 23:24:05 [DEBUG][org.springframework.scheduling.concurrent.ThreadPoolTaskExecutor][shutdown][224]-> Shutting down ExecutorService 'applicationTaskExecutor'
2025-11-17 23:24:05 [DEBUG][org.apache.http.impl.nio.client.InternalIODispatch][closed][62]-> http-outgoing-0 [CLOSED]: Disconnected
2025-11-17 23:24:05 [DEBUG][org.apache.http.impl.nio.conn.PoolingNHttpClientConnectionManager][shutdown][234]-> Connection manager shut down
2025-11-17 23:24:05 [DEBUG][org.springframework.jmx.export.annotation.AnnotationMBeanExporter][destroy][452]-> Unregistering JMX-exposed beans on shutdown
2025-11-17 23:24:05 [INFO][com.zaxxer.hikari.HikariDataSource][close][350]-> HikariCPDatasource - Shutdown initiated...
2025-11-17 23:24:05 [DEBUG][org.springframework.jmx.export.annotation.AnnotationMBeanExporter][unregisterBeans][186]-> Unregistering JMX-exposed beans
2025-11-17 23:24:05 [DEBUG][org.springframework.scheduling.concurrent.ThreadPoolTaskExecutor][shutdown][224]-> Shutting down ExecutorService 'applicationTaskExecutor'
2025-11-17 23:24:05 [INFO][com.zaxxer.hikari.HikariDataSource][close][352]-> HikariCPDatasource - Shutdown completed.
2025-11-17 23:24:05 [DEBUG][io.netty.buffer.PoolThreadCache][free][221]-> Freed 6 thread-local buffer(s) from thread: lettuce-nioEventLoop-4-2
2025-11-17 23:24:05 [DEBUG][io.netty.buffer.PoolThreadCache][free][221]-> Freed 6 thread-local buffer(s) from thread: lettuce-nioEventLoop-4-1
2025-11-17 23:24:05 [DEBUG][io.netty.buffer.PoolThreadCache][free][221]-> Freed 5 thread-local buffer(s) from thread: lettuce-nioEventLoop-4-1
2025-11-17 23:24:05 [INFO][com.zaxxer.hikari.HikariDataSource][close][350]-> HikariCPDatasource - Shutdown initiated...
2025-11-17 23:24:05 [INFO][com.zaxxer.hikari.HikariDataSource][close][352]-> HikariCPDatasource - Shutdown completed.
